Using pre-set license

 COMMAND LINE ARGUMENTS:
/Applications/UnityVersionMag/2020.3.0f1/Unity.app/Contents/MacOS/Unity
-adb2
-batchMode
-noUpm
-name
AssetImportWorker0
-projectPath
/Users/snowky/Downloads/3DShootingGame2-main
-logFile
Logs/AssetImportWorker0.log
-srvPort
65266
Successfully changed project path to: /Users/snowky/Downloads/3DShootingGame2-main
/Users/snowky/Downloads/3DShootingGame2-main
Using Asset Import Pipeline V2.
Refreshing native plugins compatible for Editor in 29.24 ms, found 1 plugins.
Preloading 0 native plugins for Editor in 0.00 ms.
Initialize engine version: 2020.3.0f1 (c7b5465681fb)
[Subsystems] Discovering subsystems at path /Applications/UnityVersionMag/2020.3.0f1/Unity.app/Contents/Resources/UnitySubsystems
[Subsystems] Discovering subsystems at path /Users/snowky/Downloads/3DShootingGame2-main/Assets
GfxDevice: creating device client; threaded=0
2021-03-20 07:25:53.486 Unity[13228:3603139] Color LCD preferred device: Intel(R) Iris(TM) Plus Graphics (low power)
2021-03-20 07:25:53.486 Unity[13228:3603139] Metal devices available: 1
2021-03-20 07:25:53.486 Unity[13228:3603139] 0: Intel(R) Iris(TM) Plus Graphics (low power)
2021-03-20 07:25:53.486 Unity[13228:3603139] Using device Intel(R) Iris(TM) Plus Graphics (low power)
Initializing Metal device caps: Intel(R) Iris(TM) Plus Graphics
Initialize mono
Mono path[0] = '/Applications/UnityVersionMag/2020.3.0f1/Unity.app/Contents/Managed'
Mono path[1] = '/Applications/UnityVersionMag/2020.3.0f1/Unity.app/Contents/MonoBleedingEdge/lib/mono/unityjit'
Mono config path = '/Applications/UnityVersionMag/2020.3.0f1/Unity.app/Contents/MonoBleedingEdge/etc'
Using monoOptions --debugger-agent=transport=dt_socket,embedding=1,server=y,suspend=n,address=127.0.0.1:56228
Begin MonoManager ReloadAssembly
Registering precompiled unity dll's ...
Register platform support module: /Applications/UnityVersionMag/2020.3.0f1/Unity.app/Contents/PlaybackEngines/MacStandaloneSupport/UnityEditor.OSXStandalone.Extensions.dll
Registered in 0.000538 seconds.
Native extension for OSXStandalone target not found
Refreshing native plugins compatible for Editor in 30.55 ms, found 1 plugins.
Preloading 0 native plugins for Editor in 0.00 ms.
Invoked RoslynAnalysisRunner static constructor.
RoslynAnalysisRunner will not be running.
RoslynAnalysisRunner has terminated.
Mono: successfully reloaded assembly
- Completed reload, in  4.569 seconds
Platform modules already initialized, skipping
Registering precompiled user dll's ...
Registered in 0.000420 seconds.
Begin MonoManager ReloadAssembly
Native extension for OSXStandalone target not found
Refreshing native plugins compatible for Editor in 0.27 ms, found 1 plugins.
Preloading 0 native plugins for Editor in 0.00 ms.
Invoked RoslynAnalysisRunner static constructor.
RoslynAnalysisRunner will not be running.
RoslynAnalysisRunner has terminated.
Mono: successfully reloaded assembly
- Completed reload, in  0.938 seconds
Platform modules already initialized, skipping
========================================================================
Worker process is ready to serve import requests
Launching external process: /Applications/UnityVersionMag/2020.3.0f1/Unity.app/Contents/Tools/UnityShaderCompiler
Launched and connected shader compiler UnityShaderCompiler after 0.01 seconds
Refreshing native plugins compatible for Editor in 0.24 ms, found 1 plugins.
Preloading 0 native plugins for Editor in 0.00 ms.
Unloading 1182 Unused Serialized files (Serialized files now loaded: 0)
System memory in use before: 118.8 MB.
System memory in use after: 118.9 MB.

Unloading 9 unused Assets to reduce memory usage. Loaded Objects now: 1625.
Total: 2.184660 ms (FindLiveObjects: 0.205813 ms CreateObjectMapping: 0.055820 ms MarkObjects: 1.820919 ms  DeleteObjects: 0.099886 ms)

========================================================================
Received Import Request.
  path: Assets/Sounds/PlaneExplosionSound.mp3
  artifactKey: Guid(69c2647745a5747259fd903bc7092299) Importer(815301076,1909f56bfc062723c751e8b465ee728b)
Start importing Assets/Sounds/PlaneExplosionSound.mp3 using Guid(69c2647745a5747259fd903bc7092299) Importer(815301076,1909f56bfc062723c751e8b465ee728b)  -> (artifact id: '22b81bfdffe4e0dcd5b6c3a163d3eead') in 0.497020 seconds
  Import took 0.499677 seconds .

========================================================================
Received Import Request.
  Time since last request: 0.000264 seconds.
  path: Assets/Materials/BulletMaterial.mat
  artifactKey: Guid(26ddce69039e34c3a9e09d53289030f5) Importer(815301076,1909f56bfc062723c751e8b465ee728b)
Start importing Assets/Materials/BulletMaterial.mat using Guid(26ddce69039e34c3a9e09d53289030f5) Importer(815301076,1909f56bfc062723c751e8b465ee728b)  -> (artifact id: '1467187d174744f0b5e79046cb7774ac') in 0.507269 seconds
  Import took 0.509176 seconds .

========================================================================
Received Import Request.
  Time since last request: 0.000374 seconds.
  path: Assets/Prefabs/ExplosionPrefab.prefab
  artifactKey: Guid(5766d6be0eff14e95a2641002d5f6e98) Importer(815301076,1909f56bfc062723c751e8b465ee728b)
Start importing Assets/Prefabs/ExplosionPrefab.prefab using Guid(5766d6be0eff14e95a2641002d5f6e98) Importer(815301076,1909f56bfc062723c751e8b465ee728b)  -> (artifact id: 'b00b036be659457b19f9f0a63d184218') in 0.163089 seconds
  Import took 0.164936 seconds .

========================================================================
Received Import Request.
  Time since last request: 0.000271 seconds.
  path: Assets/Materials/PlaneBulletMaterial.mat
  artifactKey: Guid(9418e87aed0b0462093a36653961ffe2) Importer(815301076,1909f56bfc062723c751e8b465ee728b)
Start importing Assets/Materials/PlaneBulletMaterial.mat using Guid(9418e87aed0b0462093a36653961ffe2) Importer(815301076,1909f56bfc062723c751e8b465ee728b)  -> (artifact id: '7d9f4ab4bffed5a798989b2ddd21238e') in 0.010667 seconds
  Import took 0.013205 seconds .

========================================================================
Received Import Request.
  Time since last request: 0.000421 seconds.
  path: Assets/Prefabs/PlaneBulletPrefab.prefab
  artifactKey: Guid(92fdab8fa08b349b5af6c90a466bdbcb) Importer(815301076,1909f56bfc062723c751e8b465ee728b)
Start importing Assets/Prefabs/PlaneBulletPrefab.prefab using Guid(92fdab8fa08b349b5af6c90a466bdbcb) Importer(815301076,1909f56bfc062723c751e8b465ee728b)  -> (artifact id: '062094482731c58f30835b3344399ac6') in 0.019504 seconds
  Import took 0.023026 seconds .

========================================================================
Received Import Request.
  Time since last request: 0.000190 seconds.
  path: Assets/Prefabs/PlaneEnemyPrefab.prefab
  artifactKey: Guid(7d6466b457a3742029baf336c70e7644) Importer(815301076,1909f56bfc062723c751e8b465ee728b)
Start importing Assets/Prefabs/PlaneEnemyPrefab.prefab using Guid(7d6466b457a3742029baf336c70e7644) Importer(815301076,1909f56bfc062723c751e8b465ee728b)  -> (artifact id: '4dfc7c4b4a63e0675ce1a0083c1fe75f') in 0.497935 seconds
  Import took 0.501128 seconds .

========================================================================
Received Import Request.
  Time since last request: 0.000241 seconds.
  path: Assets/Sounds/TankExplosionSound.mp3
  artifactKey: Guid(e0134f1a957354be693f6e1036c290c1) Importer(815301076,1909f56bfc062723c751e8b465ee728b)
Start importing Assets/Sounds/TankExplosionSound.mp3 using Guid(e0134f1a957354be693f6e1036c290c1) Importer(815301076,1909f56bfc062723c751e8b465ee728b)  -> (artifact id: '833367016871c4762584f092471cc11b') in 0.008786 seconds
  Import took 0.011290 seconds .

========================================================================
Received Import Request.
  Time since last request: 0.000423 seconds.
  path: Assets/Prefabs/TankEnemyPrefab.prefab
  artifactKey: Guid(1a24d521059a6416d85e357aed7fca30) Importer(815301076,1909f56bfc062723c751e8b465ee728b)
Start importing Assets/Prefabs/TankEnemyPrefab.prefab using Guid(1a24d521059a6416d85e357aed7fca30) Importer(815301076,1909f56bfc062723c751e8b465ee728b)  -> (artifact id: 'b5dfa3f060d407cb4c7faaacf12a5025') in 0.066170 seconds
  Import took 0.069637 seconds .

========================================================================
Received Import Request.
  Time since last request: 0.000199 seconds.
  path: Assets/Sounds/PlayerBulletSound.mp3
  artifactKey: Guid(feff0c3ab0d7646a7a67540ea46ba934) Importer(815301076,1909f56bfc062723c751e8b465ee728b)
Start importing Assets/Sounds/PlayerBulletSound.mp3 using Guid(feff0c3ab0d7646a7a67540ea46ba934) Importer(815301076,1909f56bfc062723c751e8b465ee728b)  -> (artifact id: '8812a79b9ad7fecc7804aa11e9ab8e67') in 0.007087 seconds
  Import took 0.010197 seconds .

========================================================================
Received Import Request.
  Time since last request: 0.000490 seconds.
  path: Assets/Prefabs/BulletPrefab.prefab
  artifactKey: Guid(5d87ac7d17e9f4587b678f73d314d8d7) Importer(815301076,1909f56bfc062723c751e8b465ee728b)
Start importing Assets/Prefabs/BulletPrefab.prefab using Guid(5d87ac7d17e9f4587b678f73d314d8d7) Importer(815301076,1909f56bfc062723c751e8b465ee728b)  -> (artifact id: '23e04650b7a208420e85aa5d6c1f1b7e') in 0.015311 seconds
  Import took 0.019415 seconds .

========================================================================
Received Import Request.
  Time since last request: 0.000386 seconds.
  path: Assets/Scenes/Main.unity
  artifactKey: Guid(9fc0d4010bbf28b4594072e72b8655ab) Importer(815301076,1909f56bfc062723c751e8b465ee728b)
Start importing Assets/Scenes/Main.unity using Guid(9fc0d4010bbf28b4594072e72b8655ab) Importer(815301076,1909f56bfc062723c751e8b465ee728b)  -> (artifact id: '5196bd1fe73b6b74fba7b7492fc2eae2') in 0.002100 seconds
  Import took 0.005242 seconds .

========================================================================
Received Import Request.
  Time since last request: 47.929482 seconds.
  path: Assets/Scripts/PlaneEnemyController.cs
  artifactKey: Guid(e4b98f052be204e4b89e9aa6b7f69196) Importer(815301076,1909f56bfc062723c751e8b465ee728b)
Start importing Assets/Scripts/PlaneEnemyController.cs using Guid(e4b98f052be204e4b89e9aa6b7f69196) Importer(815301076,1909f56bfc062723c751e8b465ee728b)  -> (artifact id: '15b22ca7d4dfa750508c7d4d9df808dc') in 0.436411 seconds
  Import took 0.438530 seconds .

========================================================================
Received Prepare
Registering precompiled user dll's ...
Registered in 0.000765 seconds.
Begin MonoManager ReloadAssembly
Native extension for OSXStandalone target not found
Refreshing native plugins compatible for Editor in 0.24 ms, found 1 plugins.
Preloading 0 native plugins for Editor in 0.00 ms.
Invoked RoslynAnalysisRunner static constructor.
RoslynAnalysisRunner will not be running.
RoslynAnalysisRunner has terminated.
Mono: successfully reloaded assembly
- Completed reload, in  0.886 seconds
Platform modules already initialized, skipping
Refreshing native plugins compatible for Editor in 0.30 ms, found 1 plugins.
Preloading 0 native plugins for Editor in 0.00 ms.
Unloading 1165 Unused Serialized files (Serialized files now loaded: 0)
System memory in use before: 153.9 MB.
System memory in use after: 154.0 MB.

Unloading 4 unused Assets to reduce memory usage. Loaded Objects now: 1674.
Total: 1.822031 ms (FindLiveObjects: 0.223762 ms CreateObjectMapping: 0.084067 ms MarkObjects: 1.493517 ms  DeleteObjects: 0.018900 ms)

========================================================================
Received Import Request.
  Time since last request: 54.350929 seconds.
  path: Assets/Scripts/PlaneBulletAttachController.cs
  artifactKey: Guid(a369b0ffb42514cde8610ea47331eec9) Importer(815301076,1909f56bfc062723c751e8b465ee728b)
Start importing Assets/Scripts/PlaneBulletAttachController.cs using Guid(a369b0ffb42514cde8610ea47331eec9) Importer(815301076,1909f56bfc062723c751e8b465ee728b)  -> (artifact id: '49294abdaefba3f2956f1a1123708d83') in 0.006234 seconds
  Import took 0.008874 seconds .

========================================================================
Received Import Request.
  Time since last request: 18.387334 seconds.
  path: Assets/Scripts/PlaneBulletController.cs
  artifactKey: Guid(02eefac07ddb54c6dae2df5281ca8626) Importer(815301076,1909f56bfc062723c751e8b465ee728b)
Start importing Assets/Scripts/PlaneBulletController.cs using Guid(02eefac07ddb54c6dae2df5281ca8626) Importer(815301076,1909f56bfc062723c751e8b465ee728b)  -> (artifact id: '4f9da559d05d1d941bef130729112e2d') in 0.004124 seconds
  Import took 0.006438 seconds .

========================================================================
Received Import Request.
  Time since last request: 0.002371 seconds.
  path: Assets/Scripts/PlaneBulletController.cs
  artifactKey: Guid(02eefac07ddb54c6dae2df5281ca8626) Importer(815301076,1909f56bfc062723c751e8b465ee728b)
Start importing Assets/Scripts/PlaneBulletController.cs using Guid(02eefac07ddb54c6dae2df5281ca8626) Importer(815301076,1909f56bfc062723c751e8b465ee728b)  -> (artifact id: '4f9da559d05d1d941bef130729112e2d') in 0.004077 seconds
  Import took 0.006937 seconds .

========================================================================
Received Prepare
Registering precompiled user dll's ...
Registered in 0.000465 seconds.
Begin MonoManager ReloadAssembly
Native extension for OSXStandalone target not found
Refreshing native plugins compatible for Editor in 0.27 ms, found 1 plugins.
Preloading 0 native plugins for Editor in 0.00 ms.
Invoked RoslynAnalysisRunner static constructor.
RoslynAnalysisRunner will not be running.
RoslynAnalysisRunner has terminated.
Mono: successfully reloaded assembly
- Completed reload, in  0.863 seconds
Platform modules already initialized, skipping
Refreshing native plugins compatible for Editor in 0.30 ms, found 1 plugins.
Preloading 0 native plugins for Editor in 0.00 ms.
Unloading 1165 Unused Serialized files (Serialized files now loaded: 0)
System memory in use before: 154.1 MB.
System memory in use after: 154.2 MB.

Unloading 4 unused Assets to reduce memory usage. Loaded Objects now: 1677.
Total: 1.710821 ms (FindLiveObjects: 0.319974 ms CreateObjectMapping: 0.065782 ms MarkObjects: 1.308828 ms  DeleteObjects: 0.014741 ms)

========================================================================
Received Import Request.
  Time since last request: 18.125416 seconds.
  path: Assets/Scripts/PlaneBulletController.cs
  artifactKey: Guid(02eefac07ddb54c6dae2df5281ca8626) Importer(815301076,1909f56bfc062723c751e8b465ee728b)
Start importing Assets/Scripts/PlaneBulletController.cs using Guid(02eefac07ddb54c6dae2df5281ca8626) Importer(815301076,1909f56bfc062723c751e8b465ee728b)  -> (artifact id: '56a256054686e58a4b87d1eeea374f3b') in 0.007848 seconds
  Import took 0.010823 seconds .

========================================================================
Received Import Request.
  Time since last request: 294.027973 seconds.
  path: Assets/SceneTransitionManager.cs
  artifactKey: Guid(b347c516ecaf14507ad344463b279a35) Importer(815301076,1909f56bfc062723c751e8b465ee728b)
Start importing Assets/SceneTransitionManager.cs using Guid(b347c516ecaf14507ad344463b279a35) Importer(815301076,1909f56bfc062723c751e8b465ee728b)  -> (artifact id: 'f3046ef7cea1d7d53987fa26e481a047') in 0.003645 seconds
  Import took 0.005712 seconds .

========================================================================
Received Import Request.
  Time since last request: 0.001182 seconds.
  path: Assets/SceneTransitionManager.cs
  artifactKey: Guid(b347c516ecaf14507ad344463b279a35) Importer(815301076,1909f56bfc062723c751e8b465ee728b)
Start importing Assets/SceneTransitionManager.cs using Guid(b347c516ecaf14507ad344463b279a35) Importer(815301076,1909f56bfc062723c751e8b465ee728b)  -> (artifact id: 'f3046ef7cea1d7d53987fa26e481a047') in 0.004849 seconds
  Import took 0.007948 seconds .

========================================================================
Received Prepare
Registering precompiled user dll's ...
Registered in 0.000578 seconds.
Begin MonoManager ReloadAssembly
Native extension for OSXStandalone target not found
Refreshing native plugins compatible for Editor in 0.27 ms, found 1 plugins.
Preloading 0 native plugins for Editor in 0.00 ms.
Invoked RoslynAnalysisRunner static constructor.
RoslynAnalysisRunner will not be running.
RoslynAnalysisRunner has terminated.
Mono: successfully reloaded assembly
- Completed reload, in  0.882 seconds
Platform modules already initialized, skipping
Refreshing native plugins compatible for Editor in 0.24 ms, found 1 plugins.
Preloading 0 native plugins for Editor in 0.00 ms.
Unloading 1165 Unused Serialized files (Serialized files now loaded: 0)
System memory in use before: 154.3 MB.
System memory in use after: 154.4 MB.

Unloading 4 unused Assets to reduce memory usage. Loaded Objects now: 1680.
Total: 2.240461 ms (FindLiveObjects: 0.221227 ms CreateObjectMapping: 0.080623 ms MarkObjects: 1.918138 ms  DeleteObjects: 0.018393 ms)

========================================================================
Received Import Request.
  Time since last request: 18.726396 seconds.
  path: Assets/Scripts
  artifactKey: Guid(b8dbff081ed8a420480452ae00400091) Importer(815301076,1909f56bfc062723c751e8b465ee728b)
Start importing Assets/Scripts using Guid(b8dbff081ed8a420480452ae00400091) Importer(815301076,1909f56bfc062723c751e8b465ee728b)  -> (artifact id: '25ea136eaed241778eec05d3528a1364') in 0.004706 seconds
  Import took 0.007397 seconds .

========================================================================
Received Import Request.
  Time since last request: 200.623980 seconds.
  path: Assets/Scripts/StageManager.cs
  artifactKey: Guid(3cddca32129144e799600976333b4738) Importer(815301076,1909f56bfc062723c751e8b465ee728b)
Start importing Assets/Scripts/StageManager.cs using Guid(3cddca32129144e799600976333b4738) Importer(815301076,1909f56bfc062723c751e8b465ee728b)  -> (artifact id: '28e0b57255cc9b6626f5610e18721af5') in 0.003618 seconds
  Import took 0.005487 seconds .

========================================================================
Received Import Request.
  Time since last request: 0.001373 seconds.
  path: Assets/Scripts/StageManager.cs
  artifactKey: Guid(3cddca32129144e799600976333b4738) Importer(815301076,1909f56bfc062723c751e8b465ee728b)
Start importing Assets/Scripts/StageManager.cs using Guid(3cddca32129144e799600976333b4738) Importer(815301076,1909f56bfc062723c751e8b465ee728b)  -> (artifact id: '28e0b57255cc9b6626f5610e18721af5') in 0.003189 seconds
  Import took 0.004993 seconds .

========================================================================
Received Prepare
Registering precompiled user dll's ...
Registered in 0.000438 seconds.
Begin MonoManager ReloadAssembly
Native extension for OSXStandalone target not found
Refreshing native plugins compatible for Editor in 0.26 ms, found 1 plugins.
Preloading 0 native plugins for Editor in 0.00 ms.
Invoked RoslynAnalysisRunner static constructor.
RoslynAnalysisRunner will not be running.
RoslynAnalysisRunner has terminated.
Mono: successfully reloaded assembly
- Completed reload, in  0.866 seconds
Platform modules already initialized, skipping
Refreshing native plugins compatible for Editor in 0.27 ms, found 1 plugins.
Preloading 0 native plugins for Editor in 0.00 ms.
Unloading 1165 Unused Serialized files (Serialized files now loaded: 0)
System memory in use before: 154.4 MB.
System memory in use after: 154.5 MB.

Unloading 4 unused Assets to reduce memory usage. Loaded Objects now: 1683.
Total: 1.708584 ms (FindLiveObjects: 0.319661 ms CreateObjectMapping: 0.078873 ms MarkObjects: 1.288249 ms  DeleteObjects: 0.019525 ms)

========================================================================
Received Import Request.
  Time since last request: 79.118902 seconds.
  path: Assets/Polyperfect/Low Poly War Pack/Scripts/Weapon.cs
  artifactKey: Guid(bec44b04386d8054b8f93cd082f7bd21) Importer(815301076,1909f56bfc062723c751e8b465ee728b)
Start importing Assets/Polyperfect/Low Poly War Pack/Scripts/Weapon.cs using Guid(bec44b04386d8054b8f93cd082f7bd21) Importer(815301076,1909f56bfc062723c751e8b465ee728b)  -> (artifact id: '38c0092a7ae3bc9f6c322274a44706c9') in 0.005531 seconds
  Import took 0.007615 seconds .

========================================================================
Received Import Request.
  Time since last request: 0.037088 seconds.
  path: Assets/Polyperfect/Low Poly War Pack/Scripts/Weapon.cs
  artifactKey: Guid(bec44b04386d8054b8f93cd082f7bd21) Importer(815301076,1909f56bfc062723c751e8b465ee728b)
Start importing Assets/Polyperfect/Low Poly War Pack/Scripts/Weapon.cs using Guid(bec44b04386d8054b8f93cd082f7bd21) Importer(815301076,1909f56bfc062723c751e8b465ee728b)  -> (artifact id: '38c0092a7ae3bc9f6c322274a44706c9') in 0.003414 seconds
  Import took 0.005544 seconds .

========================================================================
Received Import Request.
  Time since last request: 45.452289 seconds.
  path: Assets/Prefabs/TankEnemyPrefab.prefab
  artifactKey: Guid(1a24d521059a6416d85e357aed7fca30) Importer(815301076,1909f56bfc062723c751e8b465ee728b)
Start importing Assets/Prefabs/TankEnemyPrefab.prefab using Guid(1a24d521059a6416d85e357aed7fca30) Importer(815301076,1909f56bfc062723c751e8b465ee728b)  -> (artifact id: '4bdd1e0af8b5e663683919097e3afeb5') in 0.084154 seconds
  Import took 0.086792 seconds .

========================================================================
Received Prepare
Registering precompiled user dll's ...
Registered in 0.000446 seconds.
Begin MonoManager ReloadAssembly
Native extension for OSXStandalone target not found
Refreshing native plugins compatible for Editor in 0.31 ms, found 1 plugins.
Preloading 0 native plugins for Editor in 0.00 ms.
Invoked RoslynAnalysisRunner static constructor.
RoslynAnalysisRunner will not be running.
RoslynAnalysisRunner has terminated.
Mono: successfully reloaded assembly
- Completed reload, in  0.905 seconds
Platform modules already initialized, skipping
Refreshing native plugins compatible for Editor in 0.28 ms, found 1 plugins.
Preloading 0 native plugins for Editor in 0.00 ms.
Unloading 1165 Unused Serialized files (Serialized files now loaded: 0)
System memory in use before: 154.7 MB.
System memory in use after: 154.8 MB.

Unloading 4 unused Assets to reduce memory usage. Loaded Objects now: 1687.
Total: 1.529758 ms (FindLiveObjects: 0.254603 ms CreateObjectMapping: 0.044400 ms MarkObjects: 1.212928 ms  DeleteObjects: 0.016144 ms)

========================================================================
Received Import Request.
  Time since last request: 121.903898 seconds.
  path: Assets/Prefabs/TankEnemyPrefab.prefab
  artifactKey: Guid(1a24d521059a6416d85e357aed7fca30) Importer(815301076,1909f56bfc062723c751e8b465ee728b)
Start importing Assets/Prefabs/TankEnemyPrefab.prefab using Guid(1a24d521059a6416d85e357aed7fca30) Importer(815301076,1909f56bfc062723c751e8b465ee728b)  -> (artifact id: '3855e22e33f3a0cf167c3825755b4883') in 0.102397 seconds
  Import took 0.106662 seconds .

========================================================================
Received Import Request.
  Time since last request: 25.144784 seconds.
  path: Assets/Polyperfect
  artifactKey: Guid(9313c05ba852c4330a07d820e9f9ce7b) Importer(815301076,1909f56bfc062723c751e8b465ee728b)
Start importing Assets/Polyperfect using Guid(9313c05ba852c4330a07d820e9f9ce7b) Importer(815301076,1909f56bfc062723c751e8b465ee728b)  -> (artifact id: '00a248903e5e155a6692494bea6e063f') in 0.001224 seconds
  Import took 0.003809 seconds .

========================================================================
Received Prepare
Registering precompiled user dll's ...
Registered in 0.000497 seconds.
Begin MonoManager ReloadAssembly
Native extension for OSXStandalone target not found
Refreshing native plugins compatible for Editor in 0.27 ms, found 1 plugins.
Preloading 0 native plugins for Editor in 0.00 ms.
Invoked RoslynAnalysisRunner static constructor.
RoslynAnalysisRunner will not be running.
RoslynAnalysisRunner has terminated.
Mono: successfully reloaded assembly
- Completed reload, in  0.861 seconds
Platform modules already initialized, skipping
Refreshing native plugins compatible for Editor in 0.24 ms, found 1 plugins.
Preloading 0 native plugins for Editor in 0.00 ms.
Unloading 1165 Unused Serialized files (Serialized files now loaded: 0)
System memory in use before: 155.0 MB.
System memory in use after: 155.1 MB.

Unloading 4 unused Assets to reduce memory usage. Loaded Objects now: 1691.
Total: 2.057590 ms (FindLiveObjects: 0.127410 ms CreateObjectMapping: 0.031392 ms MarkObjects: 1.879501 ms  DeleteObjects: 0.017900 ms)

========================================================================
Received Import Request.
  Time since last request: 42.503047 seconds.
  path: Assets/Polyperfect/Low Poly War Pack/Prefabs/NACA 0015 airfoil.asset
  artifactKey: Guid(a3dfb958141c54548a6c6e79f8ebd70d) Importer(815301076,1909f56bfc062723c751e8b465ee728b)
Start importing Assets/Polyperfect/Low Poly War Pack/Prefabs/NACA 0015 airfoil.asset using Guid(a3dfb958141c54548a6c6e79f8ebd70d) Importer(815301076,1909f56bfc062723c751e8b465ee728b)  -> (artifact id: 'e7a799d6bb666953f2a2a9d159221229') in 0.148717 seconds
  Import took 0.150842 seconds .

========================================================================
Received Import Request.
  Time since last request: 5.907546 seconds.
  path: Assets/Prefabs
  artifactKey: Guid(1df24d9b6b6f04e48a8f8550547a74a1) Importer(815301076,1909f56bfc062723c751e8b465ee728b)
Start importing Assets/Prefabs using Guid(1df24d9b6b6f04e48a8f8550547a74a1) Importer(815301076,1909f56bfc062723c751e8b465ee728b)  -> (artifact id: 'b208c8c91f05dbfbdc82bda18567e4cb') in 0.001285 seconds
  Import took 0.004242 seconds .

========================================================================
Received Import Request.
  Time since last request: 18.227177 seconds.
  path: Assets/Polyperfect/Low Poly War Pack/Resources/Wing.png
  artifactKey: Guid(92697d3240ed2ce499505170aa49fac9) Importer(815301076,1909f56bfc062723c751e8b465ee728b)
Start importing Assets/Polyperfect/Low Poly War Pack/Resources/Wing.png using Guid(92697d3240ed2ce499505170aa49fac9) Importer(815301076,1909f56bfc062723c751e8b465ee728b)  -> (artifact id: '6c67e2bc12600dad7667bb23a7967e6b') in 0.449864 seconds
  Import took 0.452136 seconds .

========================================================================
Received Import Request.
  Time since last request: 5.627665 seconds.
  path: Assets/Polyperfect/Low Poly War Pack/- Textures/- UI/UI-sprite.png
  artifactKey: Guid(5a95c04aadc3c2b4fb0e07b2c2701610) Importer(815301076,1909f56bfc062723c751e8b465ee728b)
Start importing Assets/Polyperfect/Low Poly War Pack/- Textures/- UI/UI-sprite.png using Guid(5a95c04aadc3c2b4fb0e07b2c2701610) Importer(815301076,1909f56bfc062723c751e8b465ee728b)  -> (artifact id: '97b6c2f7bcd6ce3ef71003f7c65a8413') in 0.088862 seconds
  Import took 0.091228 seconds .

========================================================================
Received Import Request.
  Time since last request: 0.000185 seconds.
  path: Assets/Polyperfect/Low Poly War Pack/Resources/UI.png
  artifactKey: Guid(6b1e296c7f688bb4c8a75bd2dc867924) Importer(815301076,1909f56bfc062723c751e8b465ee728b)
Start importing Assets/Polyperfect/Low Poly War Pack/Resources/UI.png using Guid(6b1e296c7f688bb4c8a75bd2dc867924) Importer(815301076,1909f56bfc062723c751e8b465ee728b)  -> (artifact id: '8c4be0a9452c61b62f43cb784375749d') in 0.006596 seconds
  Import took 0.008550 seconds .

========================================================================
Received Import Request.
  Time since last request: 0.000187 seconds.
  path: Assets/Polyperfect/Low Poly War Pack/- Textures/Tank-Tiger_COL_2k.png
  artifactKey: Guid(3309405359b514394914789e9ad280f1) Importer(815301076,1909f56bfc062723c751e8b465ee728b)
Start importing Assets/Polyperfect/Low Poly War Pack/- Textures/Tank-Tiger_COL_2k.png using Guid(3309405359b514394914789e9ad280f1) Importer(815301076,1909f56bfc062723c751e8b465ee728b)  -> (artifact id: '33bbb5e035f97ba46de22d08cfab71b1') in 0.009847 seconds
  Import took 0.012375 seconds .

========================================================================
Received Import Request.
  Time since last request: 0.000253 seconds.
  path: Assets/Polyperfect/Low Poly War Pack/- Textures/Soldiers_COL_2k.png
  artifactKey: Guid(a8755ba7bc2d64b468545282ca539aa0) Importer(815301076,1909f56bfc062723c751e8b465ee728b)
Start importing Assets/Polyperfect/Low Poly War Pack/- Textures/Soldiers_COL_2k.png using Guid(a8755ba7bc2d64b468545282ca539aa0) Importer(815301076,1909f56bfc062723c751e8b465ee728b)  -> (artifact id: '033aef62222bdf3110be58949fed3ff7') in 0.008771 seconds
  Import took 0.011525 seconds .

========================================================================
Received Import Request.
  Time since last request: 0.000364 seconds.
  path: Assets/Polyperfect/Low Poly War Pack/- Textures/Tank-belts_COL_1k.png
  artifactKey: Guid(335305f61f6db405199fdfc0496e49f6) Importer(815301076,1909f56bfc062723c751e8b465ee728b)
Start importing Assets/Polyperfect/Low Poly War Pack/- Textures/Tank-belts_COL_1k.png using Guid(335305f61f6db405199fdfc0496e49f6) Importer(815301076,1909f56bfc062723c751e8b465ee728b)  -> (artifact id: '1e1ed218e39500b6960e08a2e40f91d7') in 0.008898 seconds
  Import took 0.012395 seconds .

========================================================================
Received Import Request.
  Time since last request: 0.000226 seconds.
  path: Assets/Polyperfect/Low Poly War Pack/- Textures/Tank-T-34_85_COL_2k.png
  artifactKey: Guid(e03ecff7cd0a54b738ae1704c951f068) Importer(815301076,1909f56bfc062723c751e8b465ee728b)
Start importing Assets/Polyperfect/Low Poly War Pack/- Textures/Tank-T-34_85_COL_2k.png using Guid(e03ecff7cd0a54b738ae1704c951f068) Importer(815301076,1909f56bfc062723c751e8b465ee728b)  -> (artifact id: '28b6eae9952193a19a967658c18a79e0') in 0.010426 seconds
  Import took 0.012542 seconds .

========================================================================
Received Import Request.
  Time since last request: 0.000254 seconds.
  path: Assets/Polyperfect/Low Poly War Pack/Resources/Wheel.png
  artifactKey: Guid(ba98a4920e34d7e478a5c8d99a315701) Importer(815301076,1909f56bfc062723c751e8b465ee728b)
Start importing Assets/Polyperfect/Low Poly War Pack/Resources/Wheel.png using Guid(ba98a4920e34d7e478a5c8d99a315701) Importer(815301076,1909f56bfc062723c751e8b465ee728b)  -> (artifact id: '9fd0b514607c0d1e46329de040fae6d5') in 0.007386 seconds
  Import took 0.009523 seconds .

========================================================================
Received Import Request.
  Time since last request: 0.000224 seconds.
  path: Assets/Polyperfect/Low Poly War Pack/- Textures/Plane-Spitfire_COL_2k.png
  artifactKey: Guid(d94e26dac5a65431380fee038fe45157) Importer(815301076,1909f56bfc062723c751e8b465ee728b)
Start importing Assets/Polyperfect/Low Poly War Pack/- Textures/Plane-Spitfire_COL_2k.png using Guid(d94e26dac5a65431380fee038fe45157) Importer(815301076,1909f56bfc062723c751e8b465ee728b)  -> (artifact id: '706e81a142556b1e08fdb9b3e59a54a3') in 0.008217 seconds
  Import took 0.011534 seconds .

========================================================================
Received Import Request.
  Time since last request: 0.000374 seconds.
  path: Assets/Polyperfect/Low Poly War Pack/Resources/Setup.png
  artifactKey: Guid(f4bb000a83549224683112d8bcea0e67) Importer(815301076,1909f56bfc062723c751e8b465ee728b)
Start importing Assets/Polyperfect/Low Poly War Pack/Resources/Setup.png using Guid(f4bb000a83549224683112d8bcea0e67) Importer(815301076,1909f56bfc062723c751e8b465ee728b)  -> (artifact id: 'e462c6507988015b4058d98834a19824') in 0.007501 seconds
  Import took 0.011035 seconds .

========================================================================
Received Import Request.
  Time since last request: 0.000214 seconds.
  path: Assets/Polyperfect/Low Poly War Pack/- Textures/Tank-Sherman_COL_2k.png
  artifactKey: Guid(a196614eade3a4753afdea0c9340e060) Importer(815301076,1909f56bfc062723c751e8b465ee728b)
Start importing Assets/Polyperfect/Low Poly War Pack/- Textures/Tank-Sherman_COL_2k.png using Guid(a196614eade3a4753afdea0c9340e060) Importer(815301076,1909f56bfc062723c751e8b465ee728b)  -> (artifact id: 'b9217e50b3276bfa857b318663d24ef9') in 0.012500 seconds
  Import took 0.015500 seconds .

========================================================================
Received Import Request.
  Time since last request: 0.000225 seconds.
  path: Assets/Polyperfect/Low Poly War Pack/- Textures/Plane-Horsa_COL_2k.png
  artifactKey: Guid(edba155ebe4264656906952b1531283f) Importer(815301076,1909f56bfc062723c751e8b465ee728b)
Start importing Assets/Polyperfect/Low Poly War Pack/- Textures/Plane-Horsa_COL_2k.png using Guid(edba155ebe4264656906952b1531283f) Importer(815301076,1909f56bfc062723c751e8b465ee728b)  -> (artifact id: 'c01297db6a66248b40bbcefdb807986e') in 0.009836 seconds
  Import took 0.011921 seconds .

========================================================================
Received Import Request.
  Time since last request: 0.000236 seconds.
  path: Assets/Polyperfect/Low Poly War Pack/Resources/Statistics.png
  artifactKey: Guid(35bdfd6cd0c68344d967a486487533b2) Importer(815301076,1909f56bfc062723c751e8b465ee728b)
Start importing Assets/Polyperfect/Low Poly War Pack/Resources/Statistics.png using Guid(35bdfd6cd0c68344d967a486487533b2) Importer(815301076,1909f56bfc062723c751e8b465ee728b)  -> (artifact id: '4b147537748abd861a15782f344f1633') in 0.011334 seconds
  Import took 0.014488 seconds .

========================================================================
Received Import Request.
  Time since last request: 0.000250 seconds.
  path: Assets/Polyperfect/Low Poly War Pack/- Textures/Plane-Mustang_COL_2k.png
  artifactKey: Guid(2caeca0f5fc291b448eb267444c2bd7b) Importer(815301076,1909f56bfc062723c751e8b465ee728b)
Start importing Assets/Polyperfect/Low Poly War Pack/- Textures/Plane-Mustang_COL_2k.png using Guid(2caeca0f5fc291b448eb267444c2bd7b) Importer(815301076,1909f56bfc062723c751e8b465ee728b)  -> (artifact id: '5b669539fb415e1fa55e9e00d5bffa3e') in 0.015058 seconds
  Import took 0.017473 seconds .

========================================================================
Received Import Request.
  Time since last request: 0.000173 seconds.
  path: Assets/Polyperfect/Low Poly War Pack/- Textures/Plane-B-25B_COL_2k.png
  artifactKey: Guid(f340f6e288ff7cc409d7370bbedd7482) Importer(815301076,1909f56bfc062723c751e8b465ee728b)
Start importing Assets/Polyperfect/Low Poly War Pack/- Textures/Plane-B-25B_COL_2k.png using Guid(f340f6e288ff7cc409d7370bbedd7482) Importer(815301076,1909f56bfc062723c751e8b465ee728b)  -> (artifact id: '04a4a0e69e990b23fd0e6bd1cadd9c02') in 0.009583 seconds
  Import took 0.011600 seconds .

========================================================================
Received Import Request.
  Time since last request: 0.000304 seconds.
  path: Assets/Polyperfect/Low Poly War Pack/- Textures/Plane-Dauntless_COL_2k.png
  artifactKey: Guid(b2e11dd5dfd0ad54ab98611384ca3424) Importer(815301076,1909f56bfc062723c751e8b465ee728b)
Start importing Assets/Polyperfect/Low Poly War Pack/- Textures/Plane-Dauntless_COL_2k.png using Guid(b2e11dd5dfd0ad54ab98611384ca3424) Importer(815301076,1909f56bfc062723c751e8b465ee728b)  -> (artifact id: '8cb14ad7c78f3af99135ac9b5734ae79') in 0.010961 seconds
  Import took 0.013659 seconds .

========================================================================
Received Import Request.
  Time since last request: 0.000496 seconds.
  path: Assets/Polyperfect/Low Poly War Pack/- Textures/Plane-Messerschmitt_COL_2k.png
  artifactKey: Guid(94135bf850c3c462cae881deb9cc3715) Importer(815301076,1909f56bfc062723c751e8b465ee728b)
Start importing Assets/Polyperfect/Low Poly War Pack/- Textures/Plane-Messerschmitt_COL_2k.png using Guid(94135bf850c3c462cae881deb9cc3715) Importer(815301076,1909f56bfc062723c751e8b465ee728b)  -> (artifact id: '4870db1b9a12e58276e382036ec6e576') in 0.013847 seconds
  Import took 0.016610 seconds .

========================================================================
Received Import Request.
  Time since last request: 0.002927 seconds.
  path: Assets/Polyperfect/Low Poly War Pack/- Textures/lightrays.png
  artifactKey: Guid(e86a5c5c14d56f042898745df151c8f4) Importer(815301076,1909f56bfc062723c751e8b465ee728b)
Start importing Assets/Polyperfect/Low Poly War Pack/- Textures/lightrays.png using Guid(e86a5c5c14d56f042898745df151c8f4) Importer(815301076,1909f56bfc062723c751e8b465ee728b)  -> (artifact id: 'c01c8340d013fb90d4d3cb7cceda2d5d') in 0.007930 seconds
  Import took 0.010279 seconds .

========================================================================
Received Import Request.
  Time since last request: 0.000318 seconds.
  path: Assets/Polyperfect/Low Poly War Pack/Resources/Parachute.png
  artifactKey: Guid(d8b2211327620f643b774c268e5e977b) Importer(815301076,1909f56bfc062723c751e8b465ee728b)
Start importing Assets/Polyperfect/Low Poly War Pack/Resources/Parachute.png using Guid(d8b2211327620f643b774c268e5e977b) Importer(815301076,1909f56bfc062723c751e8b465ee728b)  -> (artifact id: '9b36a9e14e04dfe76461c28ac4311e73') in 0.007408 seconds
  Import took 0.009887 seconds .

========================================================================
Received Import Request.
  Time since last request: 0.071612 seconds.
  path: Assets/Polyperfect/Low Poly War Pack/TextMesh Pro/Resources/Fonts & Materials/LiberationSans SDF - Fallback.asset
  artifactKey: Guid(2e498d1c8094910479dc3e1b768306a4) Importer(815301076,1909f56bfc062723c751e8b465ee728b)
Start importing Assets/Polyperfect/Low Poly War Pack/TextMesh Pro/Resources/Fonts & Materials/LiberationSans SDF - Fallback.asset using Guid(2e498d1c8094910479dc3e1b768306a4) Importer(815301076,1909f56bfc062723c751e8b465ee728b)  -> (artifact id: '2a5fb22d0af73a36e791f1472841c421') in 0.065318 seconds
  Import took 0.068167 seconds .

========================================================================
Received Import Request.
  Time since last request: 0.000389 seconds.
  path: Assets/Polyperfect/Low Poly War Pack/Resources/Light.png
  artifactKey: Guid(19fa192ba164c5a4daabd20d08577e99) Importer(815301076,1909f56bfc062723c751e8b465ee728b)
Start importing Assets/Polyperfect/Low Poly War Pack/Resources/Light.png using Guid(19fa192ba164c5a4daabd20d08577e99) Importer(815301076,1909f56bfc062723c751e8b465ee728b)  -> (artifact id: 'ec758025d4ae40145943ba908fa2ae99') in 0.007414 seconds
  Import took 0.010445 seconds .

========================================================================
Received Import Request.
  Time since last request: 0.295854 seconds.
  path: Assets/Polyperfect/Low Poly War Pack/- Textures/Environment/lens-flare.psd
  artifactKey: Guid(352b73ee46960480fb0d1310dcaec3df) Importer(815301076,1909f56bfc062723c751e8b465ee728b)
Start importing Assets/Polyperfect/Low Poly War Pack/- Textures/Environment/lens-flare.psd using Guid(352b73ee46960480fb0d1310dcaec3df) Importer(815301076,1909f56bfc062723c751e8b465ee728b)  -> (artifact id: '46baeca776075cfd2b63babdf383e6fa') in 0.420742 seconds
  Import took 0.423125 seconds .

========================================================================
Received Import Request.
  Time since last request: 0.000193 seconds.
  path: Assets/Polyperfect/Low Poly War Pack/- Textures/Flash.tga
  artifactKey: Guid(7cb3156c5981f44459c0747ca2de9d01) Importer(815301076,1909f56bfc062723c751e8b465ee728b)
Start importing Assets/Polyperfect/Low Poly War Pack/- Textures/Flash.tga using Guid(7cb3156c5981f44459c0747ca2de9d01) Importer(815301076,1909f56bfc062723c751e8b465ee728b)  -> (artifact id: 'e00cd717df760763ed2b6929785656c4') in 0.417264 seconds
  Import took 0.419340 seconds .

========================================================================
Received Import Request.
  Time since last request: 0.000218 seconds.
  path: Assets/Polyperfect/Low Poly War Pack/- Textures/color-atlas-emission.png
  artifactKey: Guid(0af509a2f21b2c8419bbc3c2f7abcdd9) Importer(815301076,1909f56bfc062723c751e8b465ee728b)
Start importing Assets/Polyperfect/Low Poly War Pack/- Textures/color-atlas-emission.png using Guid(0af509a2f21b2c8419bbc3c2f7abcdd9) Importer(815301076,1909f56bfc062723c751e8b465ee728b)  -> (artifact id: '88cd5dec6e6726832fc315b668aee35c') in 0.008396 seconds
  Import took 0.011417 seconds .

========================================================================
Received Import Request.
  Time since last request: 0.000436 seconds.
  path: Assets/Polyperfect/Low Poly War Pack/- Textures/color-atlas-gradient.png
  artifactKey: Guid(111f10d94030328449a9d85efefd8369) Importer(815301076,1909f56bfc062723c751e8b465ee728b)
Start importing Assets/Polyperfect/Low Poly War Pack/- Textures/color-atlas-gradient.png using Guid(111f10d94030328449a9d85efefd8369) Importer(815301076,1909f56bfc062723c751e8b465ee728b)  -> (artifact id: '1dc2dbecfbd77bdd29f99468d4efb3de') in 0.011386 seconds
  Import took 0.014562 seconds .

========================================================================
Received Import Request.
  Time since last request: 0.000291 seconds.
  path: Assets/Polyperfect/Low Poly War Pack/- Textures/color-atlas-new.png
  artifactKey: Guid(e86c1ef6b64b0474b9e90be54cd04185) Importer(815301076,1909f56bfc062723c751e8b465ee728b)
Start importing Assets/Polyperfect/Low Poly War Pack/- Textures/color-atlas-new.png using Guid(e86c1ef6b64b0474b9e90be54cd04185) Importer(815301076,1909f56bfc062723c751e8b465ee728b)  -> (artifact id: 'd0ab5c83e9eee015b56bf5885c73e93e') in 0.008653 seconds
  Import took 0.011242 seconds .

========================================================================
Received Import Request.
  Time since last request: 0.000321 seconds.
  path: Assets/Polyperfect/Low Poly War Pack/Resources/Engine.png
  artifactKey: Guid(bc438f3484cbe9840b585d8b7c84b149) Importer(815301076,1909f56bfc062723c751e8b465ee728b)
Start importing Assets/Polyperfect/Low Poly War Pack/Resources/Engine.png using Guid(bc438f3484cbe9840b585d8b7c84b149) Importer(815301076,1909f56bfc062723c751e8b465ee728b)  -> (artifact id: '387b3a351f90396501e6651009396521') in 0.019505 seconds
  Import took 0.022445 seconds .

========================================================================
Received Import Request.
  Time since last request: 0.000255 seconds.
  path: Assets/Polyperfect/Low Poly War Pack/- Textures/- UI/CircleBarInner.png
  artifactKey: Guid(2864bae18bcb9124ba9dcf1933e59e4e) Importer(815301076,1909f56bfc062723c751e8b465ee728b)
Start importing Assets/Polyperfect/Low Poly War Pack/- Textures/- UI/CircleBarInner.png using Guid(2864bae18bcb9124ba9dcf1933e59e4e) Importer(815301076,1909f56bfc062723c751e8b465ee728b)  -> (artifact id: '06d16881f6933634a7bb1cc0765cc885') in 0.015257 seconds
  Import took 0.018178 seconds .

========================================================================
Received Import Request.
  Time since last request: 0.000312 seconds.
  path: Assets/Polyperfect/Low Poly War Pack/TextMesh Pro/Sprites/EmojiOne.png
  artifactKey: Guid(dffef66376be4fa480fb02b19edbe903) Importer(815301076,1909f56bfc062723c751e8b465ee728b)
Start importing Assets/Polyperfect/Low Poly War Pack/TextMesh Pro/Sprites/EmojiOne.png using Guid(dffef66376be4fa480fb02b19edbe903) Importer(815301076,1909f56bfc062723c751e8b465ee728b)  -> (artifact id: '6b85eb0aceb65df891d23b8ff33524ee') in 0.010992 seconds
  Import took 0.013695 seconds .

========================================================================
Received Import Request.
  Time since last request: 0.000382 seconds.
  path: Assets/Polyperfect/Low Poly War Pack/- Textures/- UI/CircleCrosshair.png
  artifactKey: Guid(efc8872f52286c7428df6c693e35d14f) Importer(815301076,1909f56bfc062723c751e8b465ee728b)
Start importing Assets/Polyperfect/Low Poly War Pack/- Textures/- UI/CircleCrosshair.png using Guid(efc8872f52286c7428df6c693e35d14f) Importer(815301076,1909f56bfc062723c751e8b465ee728b)  -> (artifact id: '536916ee0f10a0a51d42b0c6338c7c06') in 0.016271 seconds
  Import took 0.019113 seconds .

========================================================================
Received Import Request.
  Time since last request: 0.000296 seconds.
  path: Assets/Polyperfect/Low Poly War Pack/- Textures/Jeep-Willys_COL_2k.png
  artifactKey: Guid(33dfc7477b3ad46f8b264181f4c70815) Importer(815301076,1909f56bfc062723c751e8b465ee728b)
Start importing Assets/Polyperfect/Low Poly War Pack/- Textures/Jeep-Willys_COL_2k.png using Guid(33dfc7477b3ad46f8b264181f4c70815) Importer(815301076,1909f56bfc062723c751e8b465ee728b)  -> (artifact id: 'c34f877638570664b352013c69a2bfdf') in 0.011198 seconds
  Import took 0.015422 seconds .

========================================================================
Received Import Request.
  Time since last request: 0.000299 seconds.
  path: Assets/Polyperfect/Low Poly War Pack/- Textures/grass-texture-long.png
  artifactKey: Guid(01bd85cd22b9d1b428f417b79db21dd3) Importer(815301076,1909f56bfc062723c751e8b465ee728b)
Start importing Assets/Polyperfect/Low Poly War Pack/- Textures/grass-texture-long.png using Guid(01bd85cd22b9d1b428f417b79db21dd3) Importer(815301076,1909f56bfc062723c751e8b465ee728b)  -> (artifact id: '22c8ef01f8bb29ed5a199c793ea74027') in 0.008477 seconds
  Import took 0.011182 seconds .

========================================================================
Received Import Request.
  Time since last request: 0.000280 seconds.
  path: Assets/Polyperfect/Low Poly War Pack/- Textures/Environment/flare-transparent.png
  artifactKey: Guid(e02eb43fe4f1a4140a91a0d6fc0767bd) Importer(815301076,1909f56bfc062723c751e8b465ee728b)
Start importing Assets/Polyperfect/Low Poly War Pack/- Textures/Environment/flare-transparent.png using Guid(e02eb43fe4f1a4140a91a0d6fc0767bd) Importer(815301076,1909f56bfc062723c751e8b465ee728b)  -> (artifact id: 'dc217ec1d0510803ccfc21bf73ae3387') in 0.008726 seconds
  Import took 0.011952 seconds .

========================================================================
Received Import Request.
  Time since last request: 0.000496 seconds.
  path: Assets/Polyperfect/Low Poly War Pack/- Textures/- UI/crosshair.psd
  artifactKey: Guid(2a23b4b0f7d2440f884610cfc8083de7) Importer(815301076,1909f56bfc062723c751e8b465ee728b)
Start importing Assets/Polyperfect/Low Poly War Pack/- Textures/- UI/crosshair.psd using Guid(2a23b4b0f7d2440f884610cfc8083de7) Importer(815301076,1909f56bfc062723c751e8b465ee728b)  -> (artifact id: 'd247675b81939cfdf15716b17dcbff9e') in 0.029068 seconds
  Import took 0.032217 seconds .

========================================================================
Received Import Request.
  Time since last request: 0.000277 seconds.
  path: Assets/Polyperfect/Low Poly War Pack/Resources/Belt.png
  artifactKey: Guid(fd606003b783a9a47900c7c8bd5f02c5) Importer(815301076,1909f56bfc062723c751e8b465ee728b)
Start importing Assets/Polyperfect/Low Poly War Pack/Resources/Belt.png using Guid(fd606003b783a9a47900c7c8bd5f02c5) Importer(815301076,1909f56bfc062723c751e8b465ee728b)  -> (artifact id: '2658efc8a2e45cabcbc1aa184fd8506f') in 0.007261 seconds
  Import took 0.009384 seconds .

========================================================================
Received Import Request.
  Time since last request: 0.000208 seconds.
  path: Assets/Polyperfect/Low Poly War Pack/TextMesh Pro/Resources/Fonts & Materials/LiberationSans SDF.asset
  artifactKey: Guid(8f586378b4e144a9851e7b34d9b748ee) Importer(815301076,1909f56bfc062723c751e8b465ee728b)
Start importing Assets/Polyperfect/Low Poly War Pack/TextMesh Pro/Resources/Fonts & Materials/LiberationSans SDF.asset using Guid(8f586378b4e144a9851e7b34d9b748ee) Importer(815301076,1909f56bfc062723c751e8b465ee728b)  -> (artifact id: '05d5825a42bc4588ec8d4b30160af701') in 0.097497 seconds
  Import took 0.100409 seconds .

========================================================================
Received Import Request.
  Time since last request: 0.000234 seconds.
  path: Assets/Polyperfect/Low Poly War Pack/- Textures/- UI/CircleBar.png
  artifactKey: Guid(48bda7941a007704fbdc932530cd015b) Importer(815301076,1909f56bfc062723c751e8b465ee728b)
Start importing Assets/Polyperfect/Low Poly War Pack/- Textures/- UI/CircleBar.png using Guid(48bda7941a007704fbdc932530cd015b) Importer(815301076,1909f56bfc062723c751e8b465ee728b)  -> (artifact id: '402d6ed3eced5dd11c71b7956ef8b000') in 0.011026 seconds
  Import took 0.013054 seconds .

========================================================================
Received Import Request.
  Time since last request: 0.000291 seconds.
  path: Assets/Polyperfect/Low Poly War Pack/- Textures/grass-texture.png
  artifactKey: Guid(7448e49fe1785384db0bf6f9c232bde7) Importer(815301076,1909f56bfc062723c751e8b465ee728b)
Start importing Assets/Polyperfect/Low Poly War Pack/- Textures/grass-texture.png using Guid(7448e49fe1785384db0bf6f9c232bde7) Importer(815301076,1909f56bfc062723c751e8b465ee728b)  -> (artifact id: 'de81b27de79204f6377cf63d4091df05') in 0.009057 seconds
  Import took 0.011518 seconds .

========================================================================
Received Import Request.
  Time since last request: 0.000244 seconds.
  path: Assets/Polyperfect/Low Poly War Pack/Resources/Fonts/BIG JOHN.otf
  artifactKey: Guid(0b5be49b8915727448b28f88c795f271) Importer(815301076,1909f56bfc062723c751e8b465ee728b)
Start importing Assets/Polyperfect/Low Poly War Pack/Resources/Fonts/BIG JOHN.otf using Guid(0b5be49b8915727448b28f88c795f271) Importer(815301076,1909f56bfc062723c751e8b465ee728b)  -> (artifact id: 'a3f0124a71f77761799ab7dfc71c079d') in 0.433474 seconds
  Import took 0.435648 seconds .

========================================================================
Received Import Request.
  Time since last request: 0.000234 seconds.
  path: Assets/Polyperfect/Low Poly War Pack/Resources/Interaction.png
  artifactKey: Guid(fd795363efb48074d8751447ff746e14) Importer(815301076,1909f56bfc062723c751e8b465ee728b)
Start importing Assets/Polyperfect/Low Poly War Pack/Resources/Interaction.png using Guid(fd795363efb48074d8751447ff746e14) Importer(815301076,1909f56bfc062723c751e8b465ee728b)  -> (artifact id: '764d709aa6167e4c60744e7a82f5b0f2') in 0.004669 seconds
  Import took 0.006686 seconds .

========================================================================
Received Import Request.
  Time since last request: 0.000454 seconds.
  path: Assets/Polyperfect/Low Poly War Pack/Resources/Armament.png
  artifactKey: Guid(f7282ec94a2375442b3f7604df66a2bd) Importer(815301076,1909f56bfc062723c751e8b465ee728b)
Start importing Assets/Polyperfect/Low Poly War Pack/Resources/Armament.png using Guid(f7282ec94a2375442b3f7604df66a2bd) Importer(815301076,1909f56bfc062723c751e8b465ee728b)  -> (artifact id: 'e72f14e5633230de04d9f1bfd1365265') in 0.009976 seconds
  Import took 0.012544 seconds .

========================================================================
Received Import Request.
  Time since last request: 35.601580 seconds.
  path: Assets/Prefabs/ExplosionPrefab.prefab
  artifactKey: Guid(5766d6be0eff14e95a2641002d5f6e98) Importer(815301076,1909f56bfc062723c751e8b465ee728b)
Start importing Assets/Prefabs/ExplosionPrefab.prefab using Guid(5766d6be0eff14e95a2641002d5f6e98) Importer(815301076,1909f56bfc062723c751e8b465ee728b)  -> (artifact id: '07b7a6b79e912a95f98bcd932646bfe4') in 0.011173 seconds
  Import took 0.013233 seconds .

========================================================================
Received Prepare
Registering precompiled user dll's ...
Registered in 0.000484 seconds.
Begin MonoManager ReloadAssembly
Native extension for OSXStandalone target not found
Refreshing native plugins compatible for Editor in 0.36 ms, found 1 plugins.
Preloading 0 native plugins for Editor in 0.00 ms.
Invoked RoslynAnalysisRunner static constructor.
RoslynAnalysisRunner will not be running.
RoslynAnalysisRunner has terminated.
Mono: successfully reloaded assembly
- Completed reload, in  0.786 seconds
Platform modules already initialized, skipping
Refreshing native plugins compatible for Editor in 0.28 ms, found 1 plugins.
Preloading 0 native plugins for Editor in 0.00 ms.
Unloading 1165 Unused Serialized files (Serialized files now loaded: 0)
System memory in use before: 177.4 MB.
System memory in use after: 177.5 MB.

Unloading 4 unused Assets to reduce memory usage. Loaded Objects now: 1747.
Total: 1.519822 ms (FindLiveObjects: 0.241365 ms CreateObjectMapping: 0.046759 ms MarkObjects: 1.210710 ms  DeleteObjects: 0.019215 ms)

========================================================================
Received Import Request.
  Time since last request: 126.503051 seconds.
  path: Assets/Materials/New Render Texture.renderTexture
  artifactKey: Guid(f1c50bb0951e5474bb67f0a39735ee95) Importer(815301076,1909f56bfc062723c751e8b465ee728b)
Start importing Assets/Materials/New Render Texture.renderTexture using Guid(f1c50bb0951e5474bb67f0a39735ee95) Importer(815301076,1909f56bfc062723c751e8b465ee728b)  -> (artifact id: '69ed560e181d573078f1b064f8361dac') in 0.172616 seconds
  Import took 0.174940 seconds .

========================================================================
Received Import Request.
  Time since last request: 0.782685 seconds.
  path: Assets/Materials/New Render Texture.renderTexture
  artifactKey: Guid(f1c50bb0951e5474bb67f0a39735ee95) Importer(815301076,1909f56bfc062723c751e8b465ee728b)
Start importing Assets/Materials/New Render Texture.renderTexture using Guid(f1c50bb0951e5474bb67f0a39735ee95) Importer(815301076,1909f56bfc062723c751e8b465ee728b)  -> (artifact id: '69ed560e181d573078f1b064f8361dac') in 0.010221 seconds
  Import took 0.013694 seconds .

========================================================================
Received Import Request.
  Time since last request: 50.989785 seconds.
  path: Assets/Polyperfect/Low Poly War Pack/Lens Flare.flare
  artifactKey: Guid(e2710f9010ee34ced8b6fd3fcd909524) Importer(815301076,1909f56bfc062723c751e8b465ee728b)
Start importing Assets/Polyperfect/Low Poly War Pack/Lens Flare.flare using Guid(e2710f9010ee34ced8b6fd3fcd909524) Importer(815301076,1909f56bfc062723c751e8b465ee728b)  -> (artifact id: 'b13df971fdd354fbfcc5c6b8dc76d55a') in 0.137839 seconds
  Import took 0.140002 seconds .

========================================================================
Received Import Request.
  Time since last request: 13.472012 seconds.
  path: Assets/Polyperfect/Low Poly War Pack/- Animations/ExtraBones.mask
  artifactKey: Guid(33946eb219956674ba0abf1053b9f95d) Importer(815301076,1909f56bfc062723c751e8b465ee728b)
Start importing Assets/Polyperfect/Low Poly War Pack/- Animations/ExtraBones.mask using Guid(33946eb219956674ba0abf1053b9f95d) Importer(815301076,1909f56bfc062723c751e8b465ee728b)  -> (artifact id: '3a9e66fb89551bf91ffcf087d767f278') in 0.135166 seconds
  Import took 0.137418 seconds .

========================================================================
Received Import Request.
  Time since last request: 1.418192 seconds.
  path: Assets/Polyperfect/Low Poly War Pack/- Materials/flare.mat
  artifactKey: Guid(6cd15b42a31164965a6818a538139a88) Importer(815301076,1909f56bfc062723c751e8b465ee728b)
Start importing Assets/Polyperfect/Low Poly War Pack/- Materials/flare.mat using Guid(6cd15b42a31164965a6818a538139a88) Importer(815301076,1909f56bfc062723c751e8b465ee728b)  -> (artifact id: '704a07fdd7f35583b9a42af49fd4c7dd') in 0.146713 seconds
  Import took 0.148849 seconds .

========================================================================
Received Import Request.
  Time since last request: 0.000247 seconds.
  path: Assets/Polyperfect/Low Poly War Pack/- Materials/skybox-night.mat
  artifactKey: Guid(5e324da1345a84c8184550a5e23feaea) Importer(815301076,1909f56bfc062723c751e8b465ee728b)
Start importing Assets/Polyperfect/Low Poly War Pack/- Materials/skybox-night.mat using Guid(5e324da1345a84c8184550a5e23feaea) Importer(815301076,1909f56bfc062723c751e8b465ee728b)  -> (artifact id: '1a76f63f29249d6d9aca45e350bdfacc') in 0.012623 seconds
  Import took 0.014532 seconds .

========================================================================
Received Import Request.
  Time since last request: 0.000419 seconds.
  path: Assets/Polyperfect/Low Poly War Pack/- Materials/soldiers.mat
  artifactKey: Guid(1e4f89dcf4dc14b3abe93cf42ec577fc) Importer(815301076,1909f56bfc062723c751e8b465ee728b)
Start importing Assets/Polyperfect/Low Poly War Pack/- Materials/soldiers.mat using Guid(1e4f89dcf4dc14b3abe93cf42ec577fc) Importer(815301076,1909f56bfc062723c751e8b465ee728b)  -> (artifact id: '8e6a2eacf7428c6211c28cf47bff5349') in 0.020062 seconds
  Import took 0.022821 seconds .

========================================================================
Received Import Request.
  Time since last request: 0.000240 seconds.
  path: Assets/Polyperfect/Low Poly War Pack/- Materials/LOW-POLY-COLORS.mat
  artifactKey: Guid(428791dbdc8f0470f8c37d12d8855a91) Importer(815301076,1909f56bfc062723c751e8b465ee728b)
Start importing Assets/Polyperfect/Low Poly War Pack/- Materials/LOW-POLY-COLORS.mat using Guid(428791dbdc8f0470f8c37d12d8855a91) Importer(815301076,1909f56bfc062723c751e8b465ee728b)  -> (artifact id: 'c1e825645c68212bd95f568653a3472e') in 0.130944 seconds
  Import took 0.133320 seconds .

========================================================================
Received Import Request.
  Time since last request: 0.000379 seconds.
  path: Assets/Polyperfect/Low Poly War Pack/- Materials/RootMotionTest.mat
  artifactKey: Guid(a1bd6cc3929c90f4992a53a722d400a9) Importer(815301076,1909f56bfc062723c751e8b465ee728b)
Start importing Assets/Polyperfect/Low Poly War Pack/- Materials/RootMotionTest.mat using Guid(a1bd6cc3929c90f4992a53a722d400a9) Importer(815301076,1909f56bfc062723c751e8b465ee728b)  -> (artifact id: 'b9d8d827841daa06e751f4007db77797') in 0.111181 seconds
  Import took 0.113512 seconds .

========================================================================
Received Import Request.
  Time since last request: 14.989282 seconds.
  path: Assets/Polyperfect/Low Poly War Pack/- Materials/Colors
  artifactKey: Guid(bc45275972d587843bb207b36f9d9031) Importer(815301076,1909f56bfc062723c751e8b465ee728b)
Start importing Assets/Polyperfect/Low Poly War Pack/- Materials/Colors using Guid(bc45275972d587843bb207b36f9d9031) Importer(815301076,1909f56bfc062723c751e8b465ee728b)  -> (artifact id: 'cee9e1f6cdb42f8b73c197246d51de55') in 0.001349 seconds
  Import took 0.003776 seconds .

