Using pre-set license

 COMMAND LINE ARGUMENTS:
/Applications/UnityVersionMag/2020.3.0f1/Unity.app/Contents/MacOS/Unity
-adb2
-batchMode
-noUpm
-name
AssetImportWorker0
-projectPath
/Users/snowky/Downloads/3DShootingGame2-main
-logFile
Logs/AssetImportWorker0.log
-srvPort
49192
Successfully changed project path to: /Users/snowky/Downloads/3DShootingGame2-main
/Users/snowky/Downloads/3DShootingGame2-main
Using Asset Import Pipeline V2.
Refreshing native plugins compatible for Editor in 29.61 ms, found 1 plugins.
Preloading 0 native plugins for Editor in 0.00 ms.
Initialize engine version: 2020.3.0f1 (c7b5465681fb)
[Subsystems] Discovering subsystems at path /Applications/UnityVersionMag/2020.3.0f1/Unity.app/Contents/Resources/UnitySubsystems
[Subsystems] Discovering subsystems at path /Users/snowky/Downloads/3DShootingGame2-main/Assets
GfxDevice: creating device client; threaded=0
2021-03-20 08:48:02.971 Unity[13658:3622715] Color LCD preferred device: Intel(R) Iris(TM) Plus Graphics (low power)
2021-03-20 08:48:02.971 Unity[13658:3622715] Metal devices available: 1
2021-03-20 08:48:02.971 Unity[13658:3622715] 0: Intel(R) Iris(TM) Plus Graphics (low power)
2021-03-20 08:48:02.972 Unity[13658:3622715] Using device Intel(R) Iris(TM) Plus Graphics (low power)
Initializing Metal device caps: Intel(R) Iris(TM) Plus Graphics
Initialize mono
Mono path[0] = '/Applications/UnityVersionMag/2020.3.0f1/Unity.app/Contents/Managed'
Mono path[1] = '/Applications/UnityVersionMag/2020.3.0f1/Unity.app/Contents/MonoBleedingEdge/lib/mono/unityjit'
Mono config path = '/Applications/UnityVersionMag/2020.3.0f1/Unity.app/Contents/MonoBleedingEdge/etc'
Using monoOptions --debugger-agent=transport=dt_socket,embedding=1,server=y,suspend=n,address=127.0.0.1:56658
Begin MonoManager ReloadAssembly
Registering precompiled unity dll's ...
Register platform support module: /Applications/UnityVersionMag/2020.3.0f1/Unity.app/Contents/PlaybackEngines/MacStandaloneSupport/UnityEditor.OSXStandalone.Extensions.dll
Registered in 0.000763 seconds.
Native extension for OSXStandalone target not found
Refreshing native plugins compatible for Editor in 29.91 ms, found 1 plugins.
Preloading 0 native plugins for Editor in 0.00 ms.
Invoked RoslynAnalysisRunner static constructor.
RoslynAnalysisRunner will not be running.
RoslynAnalysisRunner has terminated.
Mono: successfully reloaded assembly
- Completed reload, in  2.806 seconds
Platform modules already initialized, skipping
Registering precompiled user dll's ...
Registered in 0.000402 seconds.
Begin MonoManager ReloadAssembly
Native extension for OSXStandalone target not found
Refreshing native plugins compatible for Editor in 0.24 ms, found 1 plugins.
Preloading 0 native plugins for Editor in 0.00 ms.
Invoked RoslynAnalysisRunner static constructor.
RoslynAnalysisRunner will not be running.
RoslynAnalysisRunner has terminated.
Mono: successfully reloaded assembly
- Completed reload, in  1.054 seconds
Platform modules already initialized, skipping
========================================================================
Worker process is ready to serve import requests
Launching external process: /Applications/UnityVersionMag/2020.3.0f1/Unity.app/Contents/Tools/UnityShaderCompiler
Launched and connected shader compiler UnityShaderCompiler after 0.01 seconds
Refreshing native plugins compatible for Editor in 0.23 ms, found 1 plugins.
Preloading 0 native plugins for Editor in 0.00 ms.
Unloading 1182 Unused Serialized files (Serialized files now loaded: 0)
System memory in use before: 120.3 MB.
System memory in use after: 120.4 MB.

Unloading 9 unused Assets to reduce memory usage. Loaded Objects now: 1629.
Total: 2.181277 ms (FindLiveObjects: 0.202316 ms CreateObjectMapping: 0.056845 ms MarkObjects: 1.819570 ms  DeleteObjects: 0.100736 ms)

========================================================================
Received Import Request.
  path: Assets/Prefabs/PlaneBulletPrefab.prefab
  artifactKey: Guid(92fdab8fa08b349b5af6c90a466bdbcb) Importer(815301076,1909f56bfc062723c751e8b465ee728b)
Start importing Assets/Prefabs/PlaneBulletPrefab.prefab using Guid(92fdab8fa08b349b5af6c90a466bdbcb) Importer(815301076,1909f56bfc062723c751e8b465ee728b)  -> (artifact id: '25cf27f36cb5a8ca4ffe89feccd89026') in 0.338917 seconds
  Import took 0.341499 seconds .

========================================================================
Received Import Request.
  Time since last request: 115.225215 seconds.
  path: Assets/Scripts/StageManager.cs
  artifactKey: Guid(3cddca32129144e799600976333b4738) Importer(815301076,1909f56bfc062723c751e8b465ee728b)
Start importing Assets/Scripts/StageManager.cs using Guid(3cddca32129144e799600976333b4738) Importer(815301076,1909f56bfc062723c751e8b465ee728b)  -> (artifact id: 'f9464c05c62b73feba438e854586037f') in 0.263501 seconds
  Import took 0.266069 seconds .

========================================================================
Received Prepare
Registering precompiled user dll's ...
Registered in 0.000403 seconds.
Begin MonoManager ReloadAssembly
Native extension for OSXStandalone target not found
Refreshing native plugins compatible for Editor in 0.24 ms, found 1 plugins.
Preloading 0 native plugins for Editor in 0.00 ms.
Invoked RoslynAnalysisRunner static constructor.
RoslynAnalysisRunner will not be running.
RoslynAnalysisRunner has terminated.
Mono: successfully reloaded assembly
- Completed reload, in  0.862 seconds
Platform modules already initialized, skipping
Refreshing native plugins compatible for Editor in 0.25 ms, found 1 plugins.
Preloading 0 native plugins for Editor in 0.00 ms.
Unloading 1165 Unused Serialized files (Serialized files now loaded: 0)
System memory in use before: 131.5 MB.
System memory in use after: 131.6 MB.

Unloading 4 unused Assets to reduce memory usage. Loaded Objects now: 1640.
Total: 2.142901 ms (FindLiveObjects: 0.337914 ms CreateObjectMapping: 0.087861 ms MarkObjects: 1.695426 ms  DeleteObjects: 0.019573 ms)

========================================================================
Received Prepare
Registering precompiled user dll's ...
Registered in 0.000590 seconds.
Begin MonoManager ReloadAssembly
Native extension for OSXStandalone target not found
Refreshing native plugins compatible for Editor in 0.27 ms, found 1 plugins.
Preloading 0 native plugins for Editor in 0.00 ms.
Invoked RoslynAnalysisRunner static constructor.
RoslynAnalysisRunner will not be running.
RoslynAnalysisRunner has terminated.
Mono: successfully reloaded assembly
- Completed reload, in  0.891 seconds
Platform modules already initialized, skipping
Refreshing native plugins compatible for Editor in 0.24 ms, found 1 plugins.
Preloading 0 native plugins for Editor in 0.00 ms.
Unloading 1165 Unused Serialized files (Serialized files now loaded: 0)
System memory in use before: 131.7 MB.
System memory in use after: 131.8 MB.

Unloading 4 unused Assets to reduce memory usage. Loaded Objects now: 1643.
Total: 1.710231 ms (FindLiveObjects: 0.326850 ms CreateObjectMapping: 0.127460 ms MarkObjects: 1.234612 ms  DeleteObjects: 0.019335 ms)

========================================================================
Received Import Request.
  Time since last request: 96.733517 seconds.
  path: Assets/Prefabs/BulletPrefab.prefab
  artifactKey: Guid(5d87ac7d17e9f4587b678f73d314d8d7) Importer(815301076,1909f56bfc062723c751e8b465ee728b)
Start importing Assets/Prefabs/BulletPrefab.prefab using Guid(5d87ac7d17e9f4587b678f73d314d8d7) Importer(815301076,1909f56bfc062723c751e8b465ee728b)  -> (artifact id: '3557cec4ad8b71ba81ca529c3df8b1f3') in 0.061993 seconds
  Import took 0.064282 seconds .

========================================================================
Received Import Request.
  Time since last request: 12.196461 seconds.
  path: ProjectSettings/TagManager.asset
  artifactKey: Guid(00000000000000003000000000000000) Importer(815301076,1909f56bfc062723c751e8b465ee728b)
Start importing ProjectSettings/TagManager.asset using Guid(00000000000000003000000000000000) Importer(815301076,1909f56bfc062723c751e8b465ee728b)  -> (artifact id: 'af034d57157edc06a6f25c3f4871681a') in 0.157092 seconds
  Import took 0.159135 seconds .

========================================================================
Received Import Request.
  Time since last request: 69.559863 seconds.
  path: Assets/Scripts/PlayerController.cs
  artifactKey: Guid(47736ed5c706a4acfaf97b94cfd2d63d) Importer(815301076,1909f56bfc062723c751e8b465ee728b)
Start importing Assets/Scripts/PlayerController.cs using Guid(47736ed5c706a4acfaf97b94cfd2d63d) Importer(815301076,1909f56bfc062723c751e8b465ee728b)  -> (artifact id: '4dc110b5a2dd503bf1c4d89177a343fd') in 0.001740 seconds
  Import took 0.003733 seconds .

========================================================================
Received Import Request.
  Time since last request: 0.004788 seconds.
  path: Assets/Scripts/PlayerController.cs
  artifactKey: Guid(47736ed5c706a4acfaf97b94cfd2d63d) Importer(815301076,1909f56bfc062723c751e8b465ee728b)
Start importing Assets/Scripts/PlayerController.cs using Guid(47736ed5c706a4acfaf97b94cfd2d63d) Importer(815301076,1909f56bfc062723c751e8b465ee728b)  -> (artifact id: '4dc110b5a2dd503bf1c4d89177a343fd') in 0.001709 seconds
  Import took 0.003690 seconds .

========================================================================
Received Prepare
Registering precompiled user dll's ...
Registered in 0.000456 seconds.
Begin MonoManager ReloadAssembly
Native extension for OSXStandalone target not found
Refreshing native plugins compatible for Editor in 0.31 ms, found 1 plugins.
Preloading 0 native plugins for Editor in 0.00 ms.
Invoked RoslynAnalysisRunner static constructor.
RoslynAnalysisRunner will not be running.
RoslynAnalysisRunner has terminated.
Mono: successfully reloaded assembly
- Completed reload, in  0.874 seconds
Platform modules already initialized, skipping
Refreshing native plugins compatible for Editor in 0.24 ms, found 1 plugins.
Preloading 0 native plugins for Editor in 0.00 ms.
Unloading 1165 Unused Serialized files (Serialized files now loaded: 0)
System memory in use before: 136.2 MB.
System memory in use after: 136.2 MB.

Unloading 5 unused Assets to reduce memory usage. Loaded Objects now: 1647.
Total: 1.977071 ms (FindLiveObjects: 0.321501 ms CreateObjectMapping: 0.060154 ms MarkObjects: 1.576942 ms  DeleteObjects: 0.016912 ms)

========================================================================
Received Prepare
Registering precompiled user dll's ...
Registered in 0.000426 seconds.
Begin MonoManager ReloadAssembly
Native extension for OSXStandalone target not found
Refreshing native plugins compatible for Editor in 0.24 ms, found 1 plugins.
Preloading 0 native plugins for Editor in 0.00 ms.
Invoked RoslynAnalysisRunner static constructor.
RoslynAnalysisRunner will not be running.
RoslynAnalysisRunner has terminated.
Mono: successfully reloaded assembly
- Completed reload, in  0.870 seconds
Platform modules already initialized, skipping
Refreshing native plugins compatible for Editor in 0.27 ms, found 1 plugins.
Preloading 0 native plugins for Editor in 0.00 ms.
Unloading 1165 Unused Serialized files (Serialized files now loaded: 0)
System memory in use before: 136.3 MB.
System memory in use after: 136.4 MB.

Unloading 4 unused Assets to reduce memory usage. Loaded Objects now: 1650.
Total: 1.503290 ms (FindLiveObjects: 0.230562 ms CreateObjectMapping: 0.047780 ms MarkObjects: 1.201380 ms  DeleteObjects: 0.019842 ms)

========================================================================
Received Import Request.
  Time since last request: 65.016065 seconds.
  path: Assets/Scripts/EnemyDestroyController.cs
  artifactKey: Guid(c92a82b1fee1a48adaefdb9fa9cfd4b6) Importer(815301076,1909f56bfc062723c751e8b465ee728b)
Start importing Assets/Scripts/EnemyDestroyController.cs using Guid(c92a82b1fee1a48adaefdb9fa9cfd4b6) Importer(815301076,1909f56bfc062723c751e8b465ee728b)  -> (artifact id: 'f9c2ba722b8da77f53e966bea6e135bb') in 0.003857 seconds
  Import took 0.006008 seconds .

========================================================================
Received Import Request.
  Time since last request: 0.001734 seconds.
  path: Assets/Scripts/EnemyDestroyController.cs
  artifactKey: Guid(c92a82b1fee1a48adaefdb9fa9cfd4b6) Importer(815301076,1909f56bfc062723c751e8b465ee728b)
Start importing Assets/Scripts/EnemyDestroyController.cs using Guid(c92a82b1fee1a48adaefdb9fa9cfd4b6) Importer(815301076,1909f56bfc062723c751e8b465ee728b)  -> (artifact id: 'f9c2ba722b8da77f53e966bea6e135bb') in 0.001621 seconds
  Import took 0.004838 seconds .

========================================================================
Received Prepare
Registering precompiled user dll's ...
Registered in 0.000540 seconds.
Begin MonoManager ReloadAssembly
Native extension for OSXStandalone target not found
Refreshing native plugins compatible for Editor in 0.28 ms, found 1 plugins.
Preloading 0 native plugins for Editor in 0.00 ms.
Invoked RoslynAnalysisRunner static constructor.
RoslynAnalysisRunner will not be running.
RoslynAnalysisRunner has terminated.
Mono: successfully reloaded assembly
- Completed reload, in  0.881 seconds
Platform modules already initialized, skipping
Refreshing native plugins compatible for Editor in 0.24 ms, found 1 plugins.
Preloading 0 native plugins for Editor in 0.00 ms.
Unloading 1165 Unused Serialized files (Serialized files now loaded: 0)
System memory in use before: 136.5 MB.
System memory in use after: 136.6 MB.

Unloading 4 unused Assets to reduce memory usage. Loaded Objects now: 1653.
Total: 1.443957 ms (FindLiveObjects: 0.167856 ms CreateObjectMapping: 0.061950 ms MarkObjects: 1.198616 ms  DeleteObjects: 0.013978 ms)

========================================================================
Received Prepare
Registering precompiled user dll's ...
Registered in 0.000479 seconds.
Begin MonoManager ReloadAssembly
Native extension for OSXStandalone target not found
Refreshing native plugins compatible for Editor in 0.26 ms, found 1 plugins.
Preloading 0 native plugins for Editor in 0.00 ms.
Invoked RoslynAnalysisRunner static constructor.
RoslynAnalysisRunner will not be running.
RoslynAnalysisRunner has terminated.
Mono: successfully reloaded assembly
- Completed reload, in  0.855 seconds
Platform modules already initialized, skipping
Refreshing native plugins compatible for Editor in 0.27 ms, found 1 plugins.
Preloading 0 native plugins for Editor in 0.00 ms.
Unloading 1165 Unused Serialized files (Serialized files now loaded: 0)
System memory in use before: 136.7 MB.
System memory in use after: 136.7 MB.

Unloading 4 unused Assets to reduce memory usage. Loaded Objects now: 1656.
Total: 1.337210 ms (FindLiveObjects: 0.136218 ms CreateObjectMapping: 0.067528 ms MarkObjects: 1.117026 ms  DeleteObjects: 0.015402 ms)

========================================================================
Received Import Request.
  Time since last request: 14.399057 seconds.
  path: Assets/Scripts/PlaneBulletController.cs
  artifactKey: Guid(02eefac07ddb54c6dae2df5281ca8626) Importer(815301076,1909f56bfc062723c751e8b465ee728b)
Start importing Assets/Scripts/PlaneBulletController.cs using Guid(02eefac07ddb54c6dae2df5281ca8626) Importer(815301076,1909f56bfc062723c751e8b465ee728b)  -> (artifact id: '4f9da559d05d1d941bef130729112e2d') in 0.003914 seconds
  Import took 0.005853 seconds .

========================================================================
Received Import Request.
  Time since last request: 34.804692 seconds.
  path: Assets/Prefabs/PlaneBulletPrefab.prefab
  artifactKey: Guid(92fdab8fa08b349b5af6c90a466bdbcb) Importer(815301076,1909f56bfc062723c751e8b465ee728b)
Start importing Assets/Prefabs/PlaneBulletPrefab.prefab using Guid(92fdab8fa08b349b5af6c90a466bdbcb) Importer(815301076,1909f56bfc062723c751e8b465ee728b)  -> (artifact id: 'f8e10907e780d2ca2cf7372d342860b0') in 0.053548 seconds
  Import took 0.056038 seconds .

========================================================================
Received Prepare
Registering precompiled user dll's ...
Registered in 0.000451 seconds.
Begin MonoManager ReloadAssembly
Native extension for OSXStandalone target not found
Refreshing native plugins compatible for Editor in 0.25 ms, found 1 plugins.
Preloading 0 native plugins for Editor in 0.00 ms.
Invoked RoslynAnalysisRunner static constructor.
RoslynAnalysisRunner will not be running.
RoslynAnalysisRunner has terminated.
Mono: successfully reloaded assembly
- Completed reload, in  0.864 seconds
Platform modules already initialized, skipping
Refreshing native plugins compatible for Editor in 0.27 ms, found 1 plugins.
Preloading 0 native plugins for Editor in 0.00 ms.
Unloading 1165 Unused Serialized files (Serialized files now loaded: 0)
System memory in use before: 136.9 MB.
System memory in use after: 137.0 MB.

Unloading 4 unused Assets to reduce memory usage. Loaded Objects now: 1660.
Total: 1.617792 ms (FindLiveObjects: 0.185259 ms CreateObjectMapping: 0.034263 ms MarkObjects: 1.377484 ms  DeleteObjects: 0.019095 ms)

========================================================================
Received Import Request.
  Time since last request: 102.901296 seconds.
  path: Assets/Prefabs/PlaneEnemyPrefab.prefab
  artifactKey: Guid(7d6466b457a3742029baf336c70e7644) Importer(815301076,1909f56bfc062723c751e8b465ee728b)
Start importing Assets/Prefabs/PlaneEnemyPrefab.prefab using Guid(7d6466b457a3742029baf336c70e7644) Importer(815301076,1909f56bfc062723c751e8b465ee728b)  -> (artifact id: 'dcd4b29cf26dad858897e703c64b3560') in 0.172116 seconds
  Import took 0.175084 seconds .

========================================================================
Received Prepare
Registering precompiled user dll's ...
Registered in 0.000419 seconds.
Begin MonoManager ReloadAssembly
Native extension for OSXStandalone target not found
Refreshing native plugins compatible for Editor in 0.48 ms, found 1 plugins.
Preloading 0 native plugins for Editor in 0.00 ms.
Invoked RoslynAnalysisRunner static constructor.
RoslynAnalysisRunner will not be running.
RoslynAnalysisRunner has terminated.
Mono: successfully reloaded assembly
- Completed reload, in  0.898 seconds
Platform modules already initialized, skipping
Refreshing native plugins compatible for Editor in 0.27 ms, found 1 plugins.
Preloading 0 native plugins for Editor in 0.00 ms.
Unloading 1165 Unused Serialized files (Serialized files now loaded: 0)
System memory in use before: 137.4 MB.
System memory in use after: 137.5 MB.

Unloading 4 unused Assets to reduce memory usage. Loaded Objects now: 1665.
Total: 1.620752 ms (FindLiveObjects: 0.164838 ms CreateObjectMapping: 0.036754 ms MarkObjects: 1.402833 ms  DeleteObjects: 0.014769 ms)

========================================================================
Received Import Request.
  Time since last request: 336.071575 seconds.
  path: Assets/Scripts/MyCameraController.cs
  artifactKey: Guid(08af9fe25ec1a4dfca8f8e52dd9bc893) Importer(815301076,1909f56bfc062723c751e8b465ee728b)
Start importing Assets/Scripts/MyCameraController.cs using Guid(08af9fe25ec1a4dfca8f8e52dd9bc893) Importer(815301076,1909f56bfc062723c751e8b465ee728b)  -> (artifact id: 'b336ced1642230486cd4cf1e5d948214') in 0.004117 seconds
  Import took 0.006238 seconds .

========================================================================
Received Import Request.
  Time since last request: 0.001120 seconds.
  path: Assets/Scripts/MyCameraController.cs
  artifactKey: Guid(08af9fe25ec1a4dfca8f8e52dd9bc893) Importer(815301076,1909f56bfc062723c751e8b465ee728b)
Start importing Assets/Scripts/MyCameraController.cs using Guid(08af9fe25ec1a4dfca8f8e52dd9bc893) Importer(815301076,1909f56bfc062723c751e8b465ee728b)  -> (artifact id: 'b336ced1642230486cd4cf1e5d948214') in 0.001878 seconds
  Import took 0.004315 seconds .

========================================================================
Received Prepare
Registering precompiled user dll's ...
Registered in 0.000465 seconds.
Begin MonoManager ReloadAssembly
Native extension for OSXStandalone target not found
Refreshing native plugins compatible for Editor in 0.24 ms, found 1 plugins.
Preloading 0 native plugins for Editor in 0.00 ms.
Invoked RoslynAnalysisRunner static constructor.
RoslynAnalysisRunner will not be running.
RoslynAnalysisRunner has terminated.
Mono: successfully reloaded assembly
- Completed reload, in  0.898 seconds
Platform modules already initialized, skipping
Refreshing native plugins compatible for Editor in 0.27 ms, found 1 plugins.
Preloading 0 native plugins for Editor in 0.00 ms.
Unloading 1165 Unused Serialized files (Serialized files now loaded: 0)
System memory in use before: 137.6 MB.
System memory in use after: 137.7 MB.

Unloading 4 unused Assets to reduce memory usage. Loaded Objects now: 1668.
Total: 1.439602 ms (FindLiveObjects: 0.255838 ms CreateObjectMapping: 0.045825 ms MarkObjects: 1.117681 ms  DeleteObjects: 0.018872 ms)

========================================================================
Received Import Request.
  Time since last request: 239.150162 seconds.
  path: Assets/Prefabs/PlaneEnemyPrefab.prefab
  artifactKey: Guid(7d6466b457a3742029baf336c70e7644) Importer(815301076,1909f56bfc062723c751e8b465ee728b)
Start importing Assets/Prefabs/PlaneEnemyPrefab.prefab using Guid(7d6466b457a3742029baf336c70e7644) Importer(815301076,1909f56bfc062723c751e8b465ee728b)  -> (artifact id: '46d2a90451c13423ed48ba7a10197d75') in 0.161062 seconds
  Import took 0.164625 seconds .

========================================================================
Received Prepare
Registering precompiled user dll's ...
Registered in 0.000452 seconds.
Begin MonoManager ReloadAssembly
Native extension for OSXStandalone target not found
Refreshing native plugins compatible for Editor in 0.24 ms, found 1 plugins.
Preloading 0 native plugins for Editor in 0.00 ms.
Invoked RoslynAnalysisRunner static constructor.
RoslynAnalysisRunner will not be running.
RoslynAnalysisRunner has terminated.
Mono: successfully reloaded assembly
- Completed reload, in  0.890 seconds
Platform modules already initialized, skipping
Refreshing native plugins compatible for Editor in 0.24 ms, found 1 plugins.
Preloading 0 native plugins for Editor in 0.00 ms.
Unloading 1165 Unused Serialized files (Serialized files now loaded: 0)
System memory in use before: 137.8 MB.
System memory in use after: 137.9 MB.

Unloading 4 unused Assets to reduce memory usage. Loaded Objects now: 1672.
Total: 1.519593 ms (FindLiveObjects: 0.159763 ms CreateObjectMapping: 0.037290 ms MarkObjects: 1.306869 ms  DeleteObjects: 0.014471 ms)

========================================================================
Received Import Request.
  Time since last request: 31.645485 seconds.
  path: Assets/Scripts/PlayerController.cs
  artifactKey: Guid(47736ed5c706a4acfaf97b94cfd2d63d) Importer(815301076,1909f56bfc062723c751e8b465ee728b)
Start importing Assets/Scripts/PlayerController.cs using Guid(47736ed5c706a4acfaf97b94cfd2d63d) Importer(815301076,1909f56bfc062723c751e8b465ee728b)  -> (artifact id: 'c8456c808f514437e60b2b00f378e2fc') in 0.003877 seconds
  Import took 0.005811 seconds .

========================================================================
Received Import Request.
  Time since last request: 0.001496 seconds.
  path: Assets/Scripts/PlayerController.cs
  artifactKey: Guid(47736ed5c706a4acfaf97b94cfd2d63d) Importer(815301076,1909f56bfc062723c751e8b465ee728b)
Start importing Assets/Scripts/PlayerController.cs using Guid(47736ed5c706a4acfaf97b94cfd2d63d) Importer(815301076,1909f56bfc062723c751e8b465ee728b)  -> (artifact id: 'c8456c808f514437e60b2b00f378e2fc') in 0.001562 seconds
  Import took 0.003594 seconds .

========================================================================
Received Prepare
Registering precompiled user dll's ...
Registered in 0.000438 seconds.
Begin MonoManager ReloadAssembly
Native extension for OSXStandalone target not found
Refreshing native plugins compatible for Editor in 0.25 ms, found 1 plugins.
Preloading 0 native plugins for Editor in 0.00 ms.
Invoked RoslynAnalysisRunner static constructor.
RoslynAnalysisRunner will not be running.
RoslynAnalysisRunner has terminated.
Mono: successfully reloaded assembly
- Completed reload, in  0.876 seconds
Platform modules already initialized, skipping
Refreshing native plugins compatible for Editor in 0.24 ms, found 1 plugins.
Preloading 0 native plugins for Editor in 0.00 ms.
Unloading 1165 Unused Serialized files (Serialized files now loaded: 0)
System memory in use before: 138.0 MB.
System memory in use after: 138.1 MB.

Unloading 4 unused Assets to reduce memory usage. Loaded Objects now: 1675.
Total: 1.660308 ms (FindLiveObjects: 0.198544 ms CreateObjectMapping: 0.049392 ms MarkObjects: 1.395876 ms  DeleteObjects: 0.014905 ms)

========================================================================
Received Import Request.
  Time since last request: 115.764008 seconds.
  path: Assets/Scripts/PlayerController.cs
  artifactKey: Guid(47736ed5c706a4acfaf97b94cfd2d63d) Importer(815301076,1909f56bfc062723c751e8b465ee728b)
Start importing Assets/Scripts/PlayerController.cs using Guid(47736ed5c706a4acfaf97b94cfd2d63d) Importer(815301076,1909f56bfc062723c751e8b465ee728b)  -> (artifact id: 'cc0bced2dbe3f85e12f31459b459b48b') in 0.003823 seconds
  Import took 0.005966 seconds .

========================================================================
Received Import Request.
  Time since last request: 0.003003 seconds.
  path: Assets/Scripts/PlayerController.cs
  artifactKey: Guid(47736ed5c706a4acfaf97b94cfd2d63d) Importer(815301076,1909f56bfc062723c751e8b465ee728b)
Start importing Assets/Scripts/PlayerController.cs using Guid(47736ed5c706a4acfaf97b94cfd2d63d) Importer(815301076,1909f56bfc062723c751e8b465ee728b)  -> (artifact id: 'cc0bced2dbe3f85e12f31459b459b48b') in 0.001407 seconds
  Import took 0.003585 seconds .

========================================================================
Received Prepare
Registering precompiled user dll's ...
Registered in 0.000440 seconds.
Begin MonoManager ReloadAssembly
Native extension for OSXStandalone target not found
Refreshing native plugins compatible for Editor in 0.29 ms, found 1 plugins.
Preloading 0 native plugins for Editor in 0.00 ms.
Invoked RoslynAnalysisRunner static constructor.
RoslynAnalysisRunner will not be running.
RoslynAnalysisRunner has terminated.
Mono: successfully reloaded assembly
- Completed reload, in  0.882 seconds
Platform modules already initialized, skipping
Refreshing native plugins compatible for Editor in 0.27 ms, found 1 plugins.
Preloading 0 native plugins for Editor in 0.00 ms.
Unloading 1165 Unused Serialized files (Serialized files now loaded: 0)
System memory in use before: 138.2 MB.
System memory in use after: 138.3 MB.

Unloading 4 unused Assets to reduce memory usage. Loaded Objects now: 1678.
Total: 1.422821 ms (FindLiveObjects: 0.170870 ms CreateObjectMapping: 0.035715 ms MarkObjects: 1.198372 ms  DeleteObjects: 0.016628 ms)

========================================================================
Received Import Request.
  Time since last request: 15.220176 seconds.
  path: Assets/Scripts/PlayerController.cs
  artifactKey: Guid(47736ed5c706a4acfaf97b94cfd2d63d) Importer(815301076,1909f56bfc062723c751e8b465ee728b)
Start importing Assets/Scripts/PlayerController.cs using Guid(47736ed5c706a4acfaf97b94cfd2d63d) Importer(815301076,1909f56bfc062723c751e8b465ee728b)  -> (artifact id: '74e25a55d9b65e996b1852b95c2aec96') in 0.003665 seconds
  Import took 0.005620 seconds .

========================================================================
Received Import Request.
  Time since last request: 26.934054 seconds.
  path: Assets/Scripts/PlaneBulletAttachController.cs
  artifactKey: Guid(a369b0ffb42514cde8610ea47331eec9) Importer(815301076,1909f56bfc062723c751e8b465ee728b)
Start importing Assets/Scripts/PlaneBulletAttachController.cs using Guid(a369b0ffb42514cde8610ea47331eec9) Importer(815301076,1909f56bfc062723c751e8b465ee728b)  -> (artifact id: '5c7048abde9cc81f81d05195b825c0e8') in 0.001875 seconds
  Import took 0.003831 seconds .

========================================================================
Received Import Request.
  Time since last request: 0.003940 seconds.
  path: Assets/Scripts/PlaneBulletAttachController.cs
  artifactKey: Guid(a369b0ffb42514cde8610ea47331eec9) Importer(815301076,1909f56bfc062723c751e8b465ee728b)
Start importing Assets/Scripts/PlaneBulletAttachController.cs using Guid(a369b0ffb42514cde8610ea47331eec9) Importer(815301076,1909f56bfc062723c751e8b465ee728b)  -> (artifact id: '5c7048abde9cc81f81d05195b825c0e8') in 0.002792 seconds
  Import took 0.005872 seconds .

========================================================================
Received Prepare
Registering precompiled user dll's ...
Registered in 0.001053 seconds.
Begin MonoManager ReloadAssembly
Native extension for OSXStandalone target not found
Refreshing native plugins compatible for Editor in 0.24 ms, found 1 plugins.
Preloading 0 native plugins for Editor in 0.00 ms.
Invoked RoslynAnalysisRunner static constructor.
RoslynAnalysisRunner will not be running.
RoslynAnalysisRunner has terminated.
Mono: successfully reloaded assembly
- Completed reload, in  0.885 seconds
Platform modules already initialized, skipping
Refreshing native plugins compatible for Editor in 0.28 ms, found 1 plugins.
Preloading 0 native plugins for Editor in 0.00 ms.
Unloading 1165 Unused Serialized files (Serialized files now loaded: 0)
System memory in use before: 138.4 MB.
System memory in use after: 138.5 MB.

Unloading 4 unused Assets to reduce memory usage. Loaded Objects now: 1681.
Total: 1.714914 ms (FindLiveObjects: 0.167210 ms CreateObjectMapping: 0.053256 ms MarkObjects: 1.473315 ms  DeleteObjects: 0.019684 ms)

========================================================================
Received Prepare
Registering precompiled user dll's ...
Registered in 0.000430 seconds.
Begin MonoManager ReloadAssembly
Native extension for OSXStandalone target not found
Refreshing native plugins compatible for Editor in 0.24 ms, found 1 plugins.
Preloading 0 native plugins for Editor in 0.00 ms.
Invoked RoslynAnalysisRunner static constructor.
RoslynAnalysisRunner will not be running.
RoslynAnalysisRunner has terminated.
Mono: successfully reloaded assembly
- Completed reload, in  0.871 seconds
Platform modules already initialized, skipping
Refreshing native plugins compatible for Editor in 0.24 ms, found 1 plugins.
Preloading 0 native plugins for Editor in 0.00 ms.
Unloading 1165 Unused Serialized files (Serialized files now loaded: 0)
System memory in use before: 138.5 MB.
System memory in use after: 138.6 MB.

Unloading 4 unused Assets to reduce memory usage. Loaded Objects now: 1684.
Total: 1.823496 ms (FindLiveObjects: 0.225350 ms CreateObjectMapping: 0.150616 ms MarkObjects: 1.431011 ms  DeleteObjects: 0.014873 ms)

========================================================================
Received Prepare
Registering precompiled user dll's ...
Registered in 0.000550 seconds.
Begin MonoManager ReloadAssembly
Native extension for OSXStandalone target not found
Refreshing native plugins compatible for Editor in 0.27 ms, found 1 plugins.
Preloading 0 native plugins for Editor in 0.00 ms.
Invoked RoslynAnalysisRunner static constructor.
RoslynAnalysisRunner will not be running.
RoslynAnalysisRunner has terminated.
Mono: successfully reloaded assembly
- Completed reload, in  0.888 seconds
Platform modules already initialized, skipping
Refreshing native plugins compatible for Editor in 0.24 ms, found 1 plugins.
Preloading 0 native plugins for Editor in 0.00 ms.
Unloading 1165 Unused Serialized files (Serialized files now loaded: 0)
System memory in use before: 138.7 MB.
System memory in use after: 138.8 MB.

Unloading 4 unused Assets to reduce memory usage. Loaded Objects now: 1687.
Total: 1.706583 ms (FindLiveObjects: 0.203224 ms CreateObjectMapping: 0.081755 ms MarkObjects: 1.389267 ms  DeleteObjects: 0.017674 ms)

========================================================================
Received Prepare
Registering precompiled user dll's ...
Registered in 0.001120 seconds.
Begin MonoManager ReloadAssembly
Native extension for OSXStandalone target not found
Refreshing native plugins compatible for Editor in 0.24 ms, found 1 plugins.
Preloading 0 native plugins for Editor in 0.00 ms.
Invoked RoslynAnalysisRunner static constructor.
RoslynAnalysisRunner will not be running.
RoslynAnalysisRunner has terminated.
Mono: successfully reloaded assembly
- Completed reload, in  0.987 seconds
Platform modules already initialized, skipping
Refreshing native plugins compatible for Editor in 0.27 ms, found 1 plugins.
Preloading 0 native plugins for Editor in 0.00 ms.
Unloading 1165 Unused Serialized files (Serialized files now loaded: 0)
System memory in use before: 138.9 MB.
System memory in use after: 139.0 MB.

Unloading 4 unused Assets to reduce memory usage. Loaded Objects now: 1690.
Total: 1.656250 ms (FindLiveObjects: 0.275702 ms CreateObjectMapping: 0.054092 ms MarkObjects: 1.304913 ms  DeleteObjects: 0.019816 ms)

